16:45:36 **** Incremental Build of configuration Nios II for project idiotidiotidiot ****
make all 
Info: Building ../idiotidiotidiot_bsp/
C:/intelFPGA_lite/18.1/nios2eds/bin/gnu/H-x86_64-mingw32/bin/make --no-print-directory -C ../idiotidiotidiot_bsp/
[BSP build complete]
[idiotidiotidiot build complete]
16:45:47 **** Incremental Build of configuration Nios II for project idiotidiotidiot ****
make all 
Info: Building ../idiotidiotidiot_bsp/
C:/intelFPGA_lite/18.1/nios2eds/bin/gnu/H-x86_64-mingw32/bin/make --no-print-directory -C ../idiotidiotidiot_bsp/
[BSP build complete]
[idiotidiotidiot build complete]
16:50:38 **** Incremental Build of configuration Nios II for project idiotidiotidiot ****
make all 
Info: Building ../idiotidiotidiot_bsp/
C:/intelFPGA_lite/18.1/nios2eds/bin/gnu/H-x86_64-mingw32/bin/make --no-print-directory -C ../idiotidiotidiot_bsp/
[BSP build complete]
[idiotidiotidiot build complete]
02:42:16 **** Incremental Build of configuration Nios II for project idiotidiotidiot ****
make all 
Info: Building ../idiotidiotidiot_bsp/
C:/intelFPGA_lite/18.1/nios2eds/bin/gnu/H-x86_64-mingw32/bin/make --no-print-directory -C ../idiotidiotidiot_bsp/
[BSP build complete]
[idiotidiotidiot build complete]
02:51:42 **** Incremental Build of configuration Nios II for project idiotidiotidiot ****
make all 
Info: Building ../idiotidiotidiot_bsp/
C:/intelFPGA_lite/18.1/nios2eds/bin/gnu/H-x86_64-mingw32/bin/make --no-print-directory -C ../idiotidiotidiot_bsp/
[BSP build complete]
[idiotidiotidiot build complete]
03:25:02 **** Incremental Build of configuration Nios II for project idiotidiotidiot ****
make all 
Info: Building ../idiotidiotidiot_bsp/
C:/intelFPGA_lite/18.1/nios2eds/bin/gnu/H-x86_64-mingw32/bin/make --no-print-directory -C ../idiotidiotidiot_bsp/
[BSP build complete]
[idiotidiotidiot build complete]
03:53:48 **** Incremental Build of configuration Nios II for project idiotidiotidiot ****
make all 
Info: Building ../idiotidiotidiot_bsp/
C:/intelFPGA_lite/18.1/nios2eds/bin/gnu/H-x86_64-mingw32/bin/make --no-print-directory -C ../idiotidiotidiot_bsp/
[BSP build complete]
[idiotidiotidiot build complete]
15:54:57 **** Incremental Build of configuration Nios II for project NES_NIOSII ****
make all 
Info: Building ../NES_NIOSII_bsp/
C:/intelFPGA_lite/18.1/nios2eds/bin/gnu/H-x86_64-mingw32/bin/make --no-print-directory -C ../NES_NIOSII_bsp/
[BSP build complete]
[NES_NIOSII build complete]
15:54:58 **** Build of configuration Nios II for project NES_NIOSII_bsp ****
make all 
[BSP build complete]
15:55:07 **** Incremental Build of configuration Nios II for project NES_NIOSII ****
make all 
Info: Building ../NES_NIOSII_bsp/
C:/intelFPGA_lite/18.1/nios2eds/bin/gnu/H-x86_64-mingw32/bin/make --no-print-directory -C ../NES_NIOSII_bsp/
[BSP build complete]
[NES_NIOSII build complete]
19:21:51 **** Incremental Build of configuration Nios II for project NES_NIOSII ****
make all 
Info: Building ../NES_NIOSII_bsp/
C:/intelFPGA_lite/18.1/nios2eds/bin/gnu/H-x86_64-mingw32/bin/make --no-print-directory -C ../NES_NIOSII_bsp/
[BSP build complete]
[NES_NIOSII build complete]
14:03:21 **** Incremental Build of configuration Nios II for project NES_NIOSII ****
make all 
Info: Building ../NES_NIOSII_bsp/
C:/intelFPGA_lite/18.1/nios2eds/bin/gnu/H-x86_64-mingw32/bin/make --no-print-directory -C ../NES_NIOSII_bsp/
[BSP build complete]
[NES_NIOSII build complete]
17:11:55 **** Incremental Build of configuration Nios II for project NES_NIOSII ****
make all 
Info: Building ../NES_NIOSII_bsp/
C:/intelFPGA_lite/18.1/nios2eds/bin/gnu/H-x86_64-mingw32/bin/make --no-print-directory -C ../NES_NIOSII_bsp/
[BSP build complete]
Info: Compiling main.c to obj/default/main.o
nios2-elf-gcc -xc -MP -MMD -c -I../NES_NIOSII_bsp//HAL/inc -I../NES_NIOSII_bsp/ -I../NES_NIOSII_bsp//drivers/inc  -pipe -D__hal__ -DALT_NO_INSTRUCTION_EMULATION -DALT_SINGLE_THREADED    -O0 -g -Wall   -mno-hw-div -mno-hw-mul -mno-hw-mulx -mgpopt=global  -o obj/default/main.o main.c
In file included from main.c:18:0:
../NES_NIOSII_bsp/system.h:190:36: warning: initialization makes pointer from integer without a cast [-Wint-conversion]
 #define GAME_ROM_PROGRAMMER_0_BASE 0xa80
                                    ^
rom_programmer.h:11:64: note: in expansion of macro 'GAME_ROM_PROGRAMMER_0_BASE'
 static volatile struct ROM_PROGRAMMER_STRUCT* rom_programmer = GAME_ROM_PROGRAMMER_0_BASE;
                                                                ^
main.c: In function 'main':
main.c:110:13: warning: suggest parentheses around comparison in operand of '|' [-Wparentheses]
      if (kc == 14 | kc == 30) nesKeycodes |= 0x01;
             ^
main.c:112:13: warning: suggest parentheses around comparison in operand of '|' [-Wparentheses]
      if (kc == 15 | kc == 31) nesKeycodes |= 0x02;
             ^
main.c:114:13: warning: suggest parentheses around comparison in operand of '|' [-Wparentheses]
      if (kc == 49 | kc == 32) nesKeycodes |=   0x04;
             ^
main.c:116:13: warning: suggest parentheses around comparison in operand of '|' [-Wparentheses]
      if (kc == 40 | kc == 33) nesKeycodes |=   0x08;
             ^
main.c:118:13: warning: suggest parentheses around comparison in operand of '|' [-Wparentheses]
      if (kc == 26 | kc == 34) nesKeycodes |=  0x10;
             ^
main.c:120:13: warning: suggest parentheses around comparison in operand of '|' [-Wparentheses]
      if (kc == 22 | kc == 35) nesKeycodes |=  0x20;
             ^
main.c:122:13: warning: suggest parentheses around comparison in operand of '|' [-Wparentheses]
      if (kc == 4 | kc == 36) nesKeycodes |=   0x40;
             ^
main.c:124:13: warning: suggest parentheses around comparison in operand of '|' [-Wparentheses]
      if (kc == 7 | kc == 37) nesKeycodes |=    0x80;
             ^
main.c:73:7: warning: unused variable 'keycode' [-Wunused-variable]
  WORD keycode;
       ^
Info: Linking NES_NIOSII.elf
nios2-elf-g++  -T'../NES_NIOSII_bsp//linker.x' -msys-crt0='../NES_NIOSII_bsp//obj/HAL/src/crt0.o' -msys-lib=hal_bsp -L../NES_NIOSII_bsp/   -Wl,-Map=NES_NIOSII.map   -O0 -g -Wall   -mno-hw-div -mno-hw-mul -mno-hw-mulx -mgpopt=global  -o NES_NIOSII.elf obj/default/main.o obj/default/sgtl5000/sgtl5000.o obj/default/usb_kb/HID.o obj/default/usb_kb/MAX3421E.o obj/default/usb_kb/transfer.o -lm -msys-lib=m
nios2-elf-insert NES_NIOSII.elf --thread_model hal --cpu_name nios2_gen2_0 --qsys true --simulation_enabled false --id 0 --sidp 0xaa0 --timestamp 1682321319 --stderr_dev jtag_uart_0 --stdin_dev jtag_uart_0 --stdout_dev jtag_uart_0 --sopc_system_name toplevel_soc --quartus_project_dir "C:/dev/FPGA-NES/src" --jdi ../..//output_files/FPGA-NES.jdi --sopcinfo C:/dev/FPGA-NES/src/software/NES_NIOSII_bsp/../../toplevel_soc.sopcinfo
Info: (NES_NIOSII.elf) 131 KBytes program size (code + initialized data).
Info:                  65397 KBytes free for stack + heap.
Info: Creating NES_NIOSII.objdump
nios2-elf-objdump --disassemble --syms --all-header --source NES_NIOSII.elf >NES_NIOSII.objdump
[NES_NIOSII build complete]
17:12:37 **** Incremental Build of configuration Nios II for project NES_NIOSII ****
make all 
Info: Building ../NES_NIOSII_bsp/
C:/intelFPGA_lite/18.1/nios2eds/bin/gnu/H-x86_64-mingw32/bin/make --no-print-directory -C ../NES_NIOSII_bsp/
[BSP build complete]
[NES_NIOSII build complete]
17:15:21 **** Incremental Build of configuration Nios II for project NES_NIOSII ****
make all 
Info: Building ../NES_NIOSII_bsp/
C:/intelFPGA_lite/18.1/nios2eds/bin/gnu/H-x86_64-mingw32/bin/make --no-print-directory -C ../NES_NIOSII_bsp/
[BSP build complete]
Info: Compiling main.c to obj/default/main.o
nios2-elf-gcc -xc -MP -MMD -c -I../NES_NIOSII_bsp//HAL/inc -I../NES_NIOSII_bsp/ -I../NES_NIOSII_bsp//drivers/inc  -pipe -D__hal__ -DALT_NO_INSTRUCTION_EMULATION -DALT_SINGLE_THREADED    -O0 -g -Wall   -mno-hw-div -mno-hw-mul -mno-hw-mulx -mgpopt=global  -o obj/default/main.o main.c
In file included from main.c:18:0:
../NES_NIOSII_bsp/system.h:190:36: warning: initialization makes pointer from integer without a cast [-Wint-conversion]
 #define GAME_ROM_PROGRAMMER_0_BASE 0xa80
                                    ^
rom_programmer.h:11:64: note: in expansion of macro 'GAME_ROM_PROGRAMMER_0_BASE'
 static volatile struct ROM_PROGRAMMER_STRUCT* rom_programmer = GAME_ROM_PROGRAMMER_0_BASE;
                                                                ^
main.c: In function 'main':
main.c:110:13: warning: suggest parentheses around comparison in operand of '|' [-Wparentheses]
      if (kc == 14 | kc == 30) nesKeycodes |= 0x01;
             ^
main.c:112:13: warning: suggest parentheses around comparison in operand of '|' [-Wparentheses]
      if (kc == 15 | kc == 31) nesKeycodes |= 0x02;
             ^
main.c:114:13: warning: suggest parentheses around comparison in operand of '|' [-Wparentheses]
      if (kc == 49 | kc == 32) nesKeycodes |=   0x04;
             ^
main.c:116:13: warning: suggest parentheses around comparison in operand of '|' [-Wparentheses]
      if (kc == 40 | kc == 33) nesKeycodes |=   0x08;
             ^
main.c:118:13: warning: suggest parentheses around comparison in operand of '|' [-Wparentheses]
      if (kc == 26 | kc == 34) nesKeycodes |=  0x10;
             ^
main.c:120:13: warning: suggest parentheses around comparison in operand of '|' [-Wparentheses]
      if (kc == 22 | kc == 35) nesKeycodes |=  0x20;
             ^
main.c:122:13: warning: suggest parentheses around comparison in operand of '|' [-Wparentheses]
      if (kc == 4 | kc == 36) nesKeycodes |=   0x40;
             ^
main.c:124:13: warning: suggest parentheses around comparison in operand of '|' [-Wparentheses]
      if (kc == 7 | kc == 37) nesKeycodes |=    0x80;
             ^
main.c:73:7: warning: unused variable 'keycode' [-Wunused-variable]
  WORD keycode;
       ^
Info: Linking NES_NIOSII.elf
nios2-elf-g++  -T'../NES_NIOSII_bsp//linker.x' -msys-crt0='../NES_NIOSII_bsp//obj/HAL/src/crt0.o' -msys-lib=hal_bsp -L../NES_NIOSII_bsp/   -Wl,-Map=NES_NIOSII.map   -O0 -g -Wall   -mno-hw-div -mno-hw-mul -mno-hw-mulx -mgpopt=global  -o NES_NIOSII.elf obj/default/main.o obj/default/sgtl5000/sgtl5000.o obj/default/usb_kb/HID.o obj/default/usb_kb/MAX3421E.o obj/default/usb_kb/transfer.o -lm -msys-lib=m
nios2-elf-insert NES_NIOSII.elf --thread_model hal --cpu_name nios2_gen2_0 --qsys true --simulation_enabled false --id 0 --sidp 0xaa0 --timestamp 1682321319 --stderr_dev jtag_uart_0 --stdin_dev jtag_uart_0 --stdout_dev jtag_uart_0 --sopc_system_name toplevel_soc --quartus_project_dir "C:/dev/FPGA-NES/src" --jdi ../..//output_files/FPGA-NES.jdi --sopcinfo C:/dev/FPGA-NES/src/software/NES_NIOSII_bsp/../../toplevel_soc.sopcinfo
Info: (NES_NIOSII.elf) 131 KBytes program size (code + initialized data).
Info:                  65397 KBytes free for stack + heap.
Info: Creating NES_NIOSII.objdump
nios2-elf-objdump --disassemble --syms --all-header --source NES_NIOSII.elf >NES_NIOSII.objdump
[NES_NIOSII build complete]
17:16:22 **** Incremental Build of configuration Nios II for project NES_NIOSII ****
make all 
Info: Building ../NES_NIOSII_bsp/
C:/intelFPGA_lite/18.1/nios2eds/bin/gnu/H-x86_64-mingw32/bin/make --no-print-directory -C ../NES_NIOSII_bsp/
[BSP build complete]
Info: Compiling main.c to obj/default/main.o
nios2-elf-gcc -xc -MP -MMD -c -I../NES_NIOSII_bsp//HAL/inc -I../NES_NIOSII_bsp/ -I../NES_NIOSII_bsp//drivers/inc  -pipe -D__hal__ -DALT_NO_INSTRUCTION_EMULATION -DALT_SINGLE_THREADED    -O0 -g -Wall   -mno-hw-div -mno-hw-mul -mno-hw-mulx -mgpopt=global  -o obj/default/main.o main.c
In file included from main.c:18:0:
../NES_NIOSII_bsp/system.h:190:36: warning: initialization makes pointer from integer without a cast [-Wint-conversion]
 #define GAME_ROM_PROGRAMMER_0_BASE 0xa80
                                    ^
rom_programmer.h:11:64: note: in expansion of macro 'GAME_ROM_PROGRAMMER_0_BASE'
 static volatile struct ROM_PROGRAMMER_STRUCT* rom_programmer = GAME_ROM_PROGRAMMER_0_BASE;
                                                                ^
main.c: In function 'main':
main.c:110:13: warning: suggest parentheses around comparison in operand of '|' [-Wparentheses]
      if (kc == 14 | kc == 30) nesKeycodes |= 0x01;
             ^
main.c:112:13: warning: suggest parentheses around comparison in operand of '|' [-Wparentheses]
      if (kc == 15 | kc == 31) nesKeycodes |= 0x02;
             ^
main.c:114:13: warning: suggest parentheses around comparison in operand of '|' [-Wparentheses]
      if (kc == 49 | kc == 32) nesKeycodes |=   0x04;
             ^
main.c:116:13: warning: suggest parentheses around comparison in operand of '|' [-Wparentheses]
      if (kc == 40 | kc == 33) nesKeycodes |=   0x08;
             ^
main.c:118:13: warning: suggest parentheses around comparison in operand of '|' [-Wparentheses]
      if (kc == 26 | kc == 34) nesKeycodes |=  0x10;
             ^
main.c:120:13: warning: suggest parentheses around comparison in operand of '|' [-Wparentheses]
      if (kc == 22 | kc == 35) nesKeycodes |=  0x20;
             ^
main.c:122:13: warning: suggest parentheses around comparison in operand of '|' [-Wparentheses]
      if (kc == 4 | kc == 36) nesKeycodes |=   0x40;
             ^
main.c:124:13: warning: suggest parentheses around comparison in operand of '|' [-Wparentheses]
      if (kc == 7 | kc == 37) nesKeycodes |=    0x80;
             ^
main.c:73:7: warning: unused variable 'keycode' [-Wunused-variable]
  WORD keycode;
       ^
Info: Linking NES_NIOSII.elf
nios2-elf-g++  -T'../NES_NIOSII_bsp//linker.x' -msys-crt0='../NES_NIOSII_bsp//obj/HAL/src/crt0.o' -msys-lib=hal_bsp -L../NES_NIOSII_bsp/   -Wl,-Map=NES_NIOSII.map   -O0 -g -Wall   -mno-hw-div -mno-hw-mul -mno-hw-mulx -mgpopt=global  -o NES_NIOSII.elf obj/default/main.o obj/default/sgtl5000/sgtl5000.o obj/default/usb_kb/HID.o obj/default/usb_kb/MAX3421E.o obj/default/usb_kb/transfer.o -lm -msys-lib=m
nios2-elf-insert NES_NIOSII.elf --thread_model hal --cpu_name nios2_gen2_0 --qsys true --simulation_enabled false --id 0 --sidp 0xaa0 --timestamp 1682321319 --stderr_dev jtag_uart_0 --stdin_dev jtag_uart_0 --stdout_dev jtag_uart_0 --sopc_system_name toplevel_soc --quartus_project_dir "C:/dev/FPGA-NES/src" --jdi ../..//output_files/FPGA-NES.jdi --sopcinfo C:/dev/FPGA-NES/src/software/NES_NIOSII_bsp/../../toplevel_soc.sopcinfo
Info: (NES_NIOSII.elf) 131 KBytes program size (code + initialized data).
Info:                  65397 KBytes free for stack + heap.
Info: Creating NES_NIOSII.objdump
nios2-elf-objdump --disassemble --syms --all-header --source NES_NIOSII.elf >NES_NIOSII.objdump
[NES_NIOSII build complete]
17:17:09 **** Incremental Build of configuration Nios II for project NES_NIOSII ****
make all 
Info: Building ../NES_NIOSII_bsp/
C:/intelFPGA_lite/18.1/nios2eds/bin/gnu/H-x86_64-mingw32/bin/make --no-print-directory -C ../NES_NIOSII_bsp/
[BSP build complete]
Info: Compiling main.c to obj/default/main.o
nios2-elf-gcc -xc -MP -MMD -c -I../NES_NIOSII_bsp//HAL/inc -I../NES_NIOSII_bsp/ -I../NES_NIOSII_bsp//drivers/inc  -pipe -D__hal__ -DALT_NO_INSTRUCTION_EMULATION -DALT_SINGLE_THREADED    -O0 -g -Wall   -mno-hw-div -mno-hw-mul -mno-hw-mulx -mgpopt=global  -o obj/default/main.o main.c
In file included from main.c:18:0:
../NES_NIOSII_bsp/system.h:190:36: warning: initialization makes pointer from integer without a cast [-Wint-conversion]
 #define GAME_ROM_PROGRAMMER_0_BASE 0xa80
                                    ^
rom_programmer.h:11:64: note: in expansion of macro 'GAME_ROM_PROGRAMMER_0_BASE'
 static volatile struct ROM_PROGRAMMER_STRUCT* rom_programmer = GAME_ROM_PROGRAMMER_0_BASE;
                                                                ^
main.c: In function 'main':
main.c:111:13: warning: suggest parentheses around comparison in operand of '|' [-Wparentheses]
      if (kc == 14 | kc == 30) nesKeycodes |= 0x01;
             ^
main.c:113:13: warning: suggest parentheses around comparison in operand of '|' [-Wparentheses]
      if (kc == 15 | kc == 31) nesKeycodes |= 0x02;
             ^
main.c:115:13: warning: suggest parentheses around comparison in operand of '|' [-Wparentheses]
      if (kc == 49 | kc == 32) nesKeycodes |=   0x04;
             ^
main.c:117:13: warning: suggest parentheses around comparison in operand of '|' [-Wparentheses]
      if (kc == 40 | kc == 33) nesKeycodes |=   0x08;
             ^
main.c:119:13: warning: suggest parentheses around comparison in operand of '|' [-Wparentheses]
      if (kc == 26 | kc == 34) nesKeycodes |=  0x10;
             ^
main.c:121:13: warning: suggest parentheses around comparison in operand of '|' [-Wparentheses]
      if (kc == 22 | kc == 35) nesKeycodes |=  0x20;
             ^
main.c:123:13: warning: suggest parentheses around comparison in operand of '|' [-Wparentheses]
      if (kc == 4 | kc == 36) nesKeycodes |=   0x40;
             ^
main.c:125:13: warning: suggest parentheses around comparison in operand of '|' [-Wparentheses]
      if (kc == 7 | kc == 37) nesKeycodes |=    0x80;
             ^
main.c:74:7: warning: unused variable 'keycode' [-Wunused-variable]
  WORD keycode;
       ^
Info: Linking NES_NIOSII.elf
nios2-elf-g++  -T'../NES_NIOSII_bsp//linker.x' -msys-crt0='../NES_NIOSII_bsp//obj/HAL/src/crt0.o' -msys-lib=hal_bsp -L../NES_NIOSII_bsp/   -Wl,-Map=NES_NIOSII.map   -O0 -g -Wall   -mno-hw-div -mno-hw-mul -mno-hw-mulx -mgpopt=global  -o NES_NIOSII.elf obj/default/main.o obj/default/sgtl5000/sgtl5000.o obj/default/usb_kb/HID.o obj/default/usb_kb/MAX3421E.o obj/default/usb_kb/transfer.o -lm -msys-lib=m
nios2-elf-insert NES_NIOSII.elf --thread_model hal --cpu_name nios2_gen2_0 --qsys true --simulation_enabled false --id 0 --sidp 0xaa0 --timestamp 1682321319 --stderr_dev jtag_uart_0 --stdin_dev jtag_uart_0 --stdout_dev jtag_uart_0 --sopc_system_name toplevel_soc --quartus_project_dir "C:/dev/FPGA-NES/src" --jdi ../..//output_files/FPGA-NES.jdi --sopcinfo C:/dev/FPGA-NES/src/software/NES_NIOSII_bsp/../../toplevel_soc.sopcinfo
Info: (NES_NIOSII.elf) 131 KBytes program size (code + initialized data).
Info:                  65397 KBytes free for stack + heap.
Info: Creating NES_NIOSII.objdump
nios2-elf-objdump --disassemble --syms --all-header --source NES_NIOSII.elf >NES_NIOSII.objdump
[NES_NIOSII build complete]
17:34:28 **** Incremental Build of configuration Nios II for project NES_NIOSII ****
make all 
Info: Building ../NES_NIOSII_bsp/
C:/intelFPGA_lite/18.1/nios2eds/bin/gnu/H-x86_64-mingw32/bin/make --no-print-directory -C ../NES_NIOSII_bsp/
[BSP build complete]
Info: Compiling main.c to obj/default/main.o
nios2-elf-gcc -xc -MP -MMD -c -I../NES_NIOSII_bsp//HAL/inc -I../NES_NIOSII_bsp/ -I../NES_NIOSII_bsp//drivers/inc  -pipe -D__hal__ -DALT_NO_INSTRUCTION_EMULATION -DALT_SINGLE_THREADED    -O0 -g -Wall   -mno-hw-div -mno-hw-mul -mno-hw-mulx -mgpopt=global  -o obj/default/main.o main.c
In file included from main.c:18:0:
../NES_NIOSII_bsp/system.h:190:36: warning: initialization makes pointer from integer without a cast [-Wint-conversion]
 #define GAME_ROM_PROGRAMMER_0_BASE 0xa80
                                    ^
rom_programmer.h:11:64: note: in expansion of macro 'GAME_ROM_PROGRAMMER_0_BASE'
 static volatile struct ROM_PROGRAMMER_STRUCT* rom_programmer = GAME_ROM_PROGRAMMER_0_BASE;
                                                                ^
main.c: In function 'main':
main.c:111:13: warning: suggest parentheses around comparison in operand of '|' [-Wparentheses]
      if (kc == 14 | kc == 30) nesKeycodes |= 0x01;
             ^
main.c:113:13: warning: suggest parentheses around comparison in operand of '|' [-Wparentheses]
      if (kc == 15 | kc == 31) nesKeycodes |= 0x02;
             ^
main.c:115:13: warning: suggest parentheses around comparison in operand of '|' [-Wparentheses]
      if (kc == 49 | kc == 32) nesKeycodes |=   0x04;
             ^
main.c:117:13: warning: suggest parentheses around comparison in operand of '|' [-Wparentheses]
      if (kc == 40 | kc == 33) nesKeycodes |=   0x08;
             ^
main.c:119:13: warning: suggest parentheses around comparison in operand of '|' [-Wparentheses]
      if (kc == 26 | kc == 34) nesKeycodes |=  0x10;
             ^
main.c:121:13: warning: suggest parentheses around comparison in operand of '|' [-Wparentheses]
      if (kc == 22 | kc == 35) nesKeycodes |=  0x20;
             ^
main.c:123:13: warning: suggest parentheses around comparison in operand of '|' [-Wparentheses]
      if (kc == 4 | kc == 36) nesKeycodes |=   0x40;
             ^
main.c:125:13: warning: suggest parentheses around comparison in operand of '|' [-Wparentheses]
      if (kc == 7 | kc == 37) nesKeycodes |=    0x80;
             ^
main.c:74:7: warning: unused variable 'keycode' [-Wunused-variable]
  WORD keycode;
       ^
Info: Linking NES_NIOSII.elf
nios2-elf-g++  -T'../NES_NIOSII_bsp//linker.x' -msys-crt0='../NES_NIOSII_bsp//obj/HAL/src/crt0.o' -msys-lib=hal_bsp -L../NES_NIOSII_bsp/   -Wl,-Map=NES_NIOSII.map   -O0 -g -Wall   -mno-hw-div -mno-hw-mul -mno-hw-mulx -mgpopt=global  -o NES_NIOSII.elf obj/default/main.o obj/default/sgtl5000/sgtl5000.o obj/default/usb_kb/HID.o obj/default/usb_kb/MAX3421E.o obj/default/usb_kb/transfer.o -lm -msys-lib=m
nios2-elf-insert NES_NIOSII.elf --thread_model hal --cpu_name nios2_gen2_0 --qsys true --simulation_enabled false --id 0 --sidp 0xaa0 --timestamp 1682321319 --stderr_dev jtag_uart_0 --stdin_dev jtag_uart_0 --stdout_dev jtag_uart_0 --sopc_system_name toplevel_soc --quartus_project_dir "C:/dev/FPGA-NES/src" --jdi ../..//output_files/FPGA-NES.jdi --sopcinfo C:/dev/FPGA-NES/src/software/NES_NIOSII_bsp/../../toplevel_soc.sopcinfo
Info: (NES_NIOSII.elf) 115 KBytes program size (code + initialized data).
Info:                  65413 KBytes free for stack + heap.
Info: Creating NES_NIOSII.objdump
nios2-elf-objdump --disassemble --syms --all-header --source NES_NIOSII.elf >NES_NIOSII.objdump
[NES_NIOSII build complete]
17:38:43 **** Incremental Build of configuration Nios II for project NES_NIOSII ****
make all 
Info: Building ../NES_NIOSII_bsp/
C:/intelFPGA_lite/18.1/nios2eds/bin/gnu/H-x86_64-mingw32/bin/make --no-print-directory -C ../NES_NIOSII_bsp/
[BSP build complete]
Info: Compiling main.c to obj/default/main.o
nios2-elf-gcc -xc -MP -MMD -c -I../NES_NIOSII_bsp//HAL/inc -I../NES_NIOSII_bsp/ -I../NES_NIOSII_bsp//drivers/inc  -pipe -D__hal__ -DALT_NO_INSTRUCTION_EMULATION -DALT_SINGLE_THREADED    -O0 -g -Wall   -mno-hw-div -mno-hw-mul -mno-hw-mulx -mgpopt=global  -o obj/default/main.o main.c
In file included from main.c:18:0:
../NES_NIOSII_bsp/system.h:190:36: warning: initialization makes pointer from integer without a cast [-Wint-conversion]
 #define GAME_ROM_PROGRAMMER_0_BASE 0xa80
                                    ^
rom_programmer.h:11:64: note: in expansion of macro 'GAME_ROM_PROGRAMMER_0_BASE'
 static volatile struct ROM_PROGRAMMER_STRUCT* rom_programmer = GAME_ROM_PROGRAMMER_0_BASE;
                                                                ^
main.c: In function 'main':
main.c:112:13: warning: suggest parentheses around comparison in operand of '|' [-Wparentheses]
      if (kc == 14 | kc == 30) nesKeycodes |= 0x01;
             ^
main.c:114:13: warning: suggest parentheses around comparison in operand of '|' [-Wparentheses]
      if (kc == 15 | kc == 31) nesKeycodes |= 0x02;
             ^
main.c:116:13: warning: suggest parentheses around comparison in operand of '|' [-Wparentheses]
      if (kc == 49 | kc == 32) nesKeycodes |=   0x04;
             ^
main.c:118:13: warning: suggest parentheses around comparison in operand of '|' [-Wparentheses]
      if (kc == 40 | kc == 33) nesKeycodes |=   0x08;
             ^
main.c:120:13: warning: suggest parentheses around comparison in operand of '|' [-Wparentheses]
      if (kc == 26 | kc == 34) nesKeycodes |=  0x10;
             ^
main.c:122:13: warning: suggest parentheses around comparison in operand of '|' [-Wparentheses]
      if (kc == 22 | kc == 35) nesKeycodes |=  0x20;
             ^
main.c:124:13: warning: suggest parentheses around comparison in operand of '|' [-Wparentheses]
      if (kc == 4 | kc == 36) nesKeycodes |=   0x40;
             ^
main.c:126:13: warning: suggest parentheses around comparison in operand of '|' [-Wparentheses]
      if (kc == 7 | kc == 37) nesKeycodes |=    0x80;
             ^
main.c:75:7: warning: unused variable 'keycode' [-Wunused-variable]
  WORD keycode;
       ^
Info: Linking NES_NIOSII.elf
nios2-elf-g++  -T'../NES_NIOSII_bsp//linker.x' -msys-crt0='../NES_NIOSII_bsp//obj/HAL/src/crt0.o' -msys-lib=hal_bsp -L../NES_NIOSII_bsp/   -Wl,-Map=NES_NIOSII.map   -O0 -g -Wall   -mno-hw-div -mno-hw-mul -mno-hw-mulx -mgpopt=global  -o NES_NIOSII.elf obj/default/main.o obj/default/sgtl5000/sgtl5000.o obj/default/usb_kb/HID.o obj/default/usb_kb/MAX3421E.o obj/default/usb_kb/transfer.o -lm -msys-lib=m
nios2-elf-insert NES_NIOSII.elf --thread_model hal --cpu_name nios2_gen2_0 --qsys true --simulation_enabled false --id 0 --sidp 0xaa0 --timestamp 1682321319 --stderr_dev jtag_uart_0 --stdin_dev jtag_uart_0 --stdout_dev jtag_uart_0 --sopc_system_name toplevel_soc --quartus_project_dir "C:/dev/FPGA-NES/src" --jdi ../..//output_files/FPGA-NES.jdi --sopcinfo C:/dev/FPGA-NES/src/software/NES_NIOSII_bsp/../../toplevel_soc.sopcinfo
Info: (NES_NIOSII.elf) 115 KBytes program size (code + initialized data).
Info:                  65413 KBytes free for stack + heap.
Info: Creating NES_NIOSII.objdump
nios2-elf-objdump --disassemble --syms --all-header --source NES_NIOSII.elf >NES_NIOSII.objdump
[NES_NIOSII build complete]
17:39:51 **** Incremental Build of configuration Nios II for project NES_NIOSII ****
make all 
Info: Building ../NES_NIOSII_bsp/
C:/intelFPGA_lite/18.1/nios2eds/bin/gnu/H-x86_64-mingw32/bin/make --no-print-directory -C ../NES_NIOSII_bsp/
[BSP build complete]
[NES_NIOSII build complete]
17:44:33 **** Incremental Build of configuration Nios II for project NES_NIOSII ****
make all 
Info: Building ../NES_NIOSII_bsp/
C:/intelFPGA_lite/18.1/nios2eds/bin/gnu/H-x86_64-mingw32/bin/make --no-print-directory -C ../NES_NIOSII_bsp/
[BSP build complete]
[NES_NIOSII build complete]
17:55:33 **** Incremental Build of configuration Nios II for project NES_NIOSII ****
make all 
Info: Building ../NES_NIOSII_bsp/
C:/intelFPGA_lite/18.1/nios2eds/bin/gnu/H-x86_64-mingw32/bin/make --no-print-directory -C ../NES_NIOSII_bsp/
[BSP build complete]
Info: Compiling main.c to obj/default/main.o
nios2-elf-gcc -xc -MP -MMD -c -I../NES_NIOSII_bsp//HAL/inc -I../NES_NIOSII_bsp/ -I../NES_NIOSII_bsp//drivers/inc  -pipe -D__hal__ -DALT_NO_INSTRUCTION_EMULATION -DALT_SINGLE_THREADED    -O0 -g -Wall   -mno-hw-div -mno-hw-mul -mno-hw-mulx -mgpopt=global  -o obj/default/main.o main.c
In file included from main.c:18:0:
../NES_NIOSII_bsp/system.h:190:36: warning: initialization makes pointer from integer without a cast [-Wint-conversion]
 #define GAME_ROM_PROGRAMMER_0_BASE 0xa80
                                    ^
rom_programmer.h:11:64: note: in expansion of macro 'GAME_ROM_PROGRAMMER_0_BASE'
 static volatile struct ROM_PROGRAMMER_STRUCT* rom_programmer = GAME_ROM_PROGRAMMER_0_BASE;
                                                                ^
main.c: In function 'main':
main.c:112:13: warning: suggest parentheses around comparison in operand of '|' [-Wparentheses]
      if (kc == 14 | kc == 30) nesKeycodes |= 0x01;
             ^
main.c:114:13: warning: suggest parentheses around comparison in operand of '|' [-Wparentheses]
      if (kc == 15 | kc == 31) nesKeycodes |= 0x02;
             ^
main.c:116:13: warning: suggest parentheses around comparison in operand of '|' [-Wparentheses]
      if (kc == 49 | kc == 32) nesKeycodes |=   0x04;
             ^
main.c:118:13: warning: suggest parentheses around comparison in operand of '|' [-Wparentheses]
      if (kc == 40 | kc == 33) nesKeycodes |=   0x08;
             ^
main.c:120:13: warning: suggest parentheses around comparison in operand of '|' [-Wparentheses]
      if (kc == 26 | kc == 34) nesKeycodes |=  0x10;
             ^
main.c:122:13: warning: suggest parentheses around comparison in operand of '|' [-Wparentheses]
      if (kc == 22 | kc == 35) nesKeycodes |=  0x20;
             ^
main.c:124:13: warning: suggest parentheses around comparison in operand of '|' [-Wparentheses]
      if (kc == 4 | kc == 36) nesKeycodes |=   0x40;
             ^
main.c:126:13: warning: suggest parentheses around comparison in operand of '|' [-Wparentheses]
      if (kc == 7 | kc == 37) nesKeycodes |=    0x80;
             ^
main.c:75:7: warning: unused variable 'keycode' [-Wunused-variable]
  WORD keycode;
       ^
Info: Linking NES_NIOSII.elf
nios2-elf-g++  -T'../NES_NIOSII_bsp//linker.x' -msys-crt0='../NES_NIOSII_bsp//obj/HAL/src/crt0.o' -msys-lib=hal_bsp -L../NES_NIOSII_bsp/   -Wl,-Map=NES_NIOSII.map   -O0 -g -Wall   -mno-hw-div -mno-hw-mul -mno-hw-mulx -mgpopt=global  -o NES_NIOSII.elf obj/default/main.o obj/default/sgtl5000/sgtl5000.o obj/default/usb_kb/HID.o obj/default/usb_kb/MAX3421E.o obj/default/usb_kb/transfer.o -lm -msys-lib=m
nios2-elf-insert NES_NIOSII.elf --thread_model hal --cpu_name nios2_gen2_0 --qsys true --simulation_enabled false --id 0 --sidp 0xaa0 --timestamp 1682321319 --stderr_dev jtag_uart_0 --stdin_dev jtag_uart_0 --stdout_dev jtag_uart_0 --sopc_system_name toplevel_soc --quartus_project_dir "C:/dev/FPGA-NES/src" --jdi ../..//output_files/FPGA-NES.jdi --sopcinfo C:/dev/FPGA-NES/src/software/NES_NIOSII_bsp/../../toplevel_soc.sopcinfo
Info: (NES_NIOSII.elf) 115 KBytes program size (code + initialized data).
Info:                  65413 KBytes free for stack + heap.
Info: Creating NES_NIOSII.objdump
nios2-elf-objdump --disassemble --syms --all-header --source NES_NIOSII.elf >NES_NIOSII.objdump
[NES_NIOSII build complete]
18:06:45 **** Incremental Build of configuration Nios II for project NES_NIOSII ****
make all 
Info: Building ../NES_NIOSII_bsp/
C:/intelFPGA_lite/18.1/nios2eds/bin/gnu/H-x86_64-mingw32/bin/make --no-print-directory -C ../NES_NIOSII_bsp/
[BSP build complete]
Info: Compiling main.c to obj/default/main.o
nios2-elf-gcc -xc -MP -MMD -c -I../NES_NIOSII_bsp//HAL/inc -I../NES_NIOSII_bsp/ -I../NES_NIOSII_bsp//drivers/inc  -pipe -D__hal__ -DALT_NO_INSTRUCTION_EMULATION -DALT_SINGLE_THREADED    -O0 -g -Wall   -mno-hw-div -mno-hw-mul -mno-hw-mulx -mgpopt=global  -o obj/default/main.o main.c
In file included from main.c:18:0:
../NES_NIOSII_bsp/system.h:190:36: warning: initialization makes pointer from integer without a cast [-Wint-conversion]
 #define GAME_ROM_PROGRAMMER_0_BASE 0xa80
                                    ^
rom_programmer.h:11:64: note: in expansion of macro 'GAME_ROM_PROGRAMMER_0_BASE'
 static volatile struct ROM_PROGRAMMER_STRUCT* rom_programmer = GAME_ROM_PROGRAMMER_0_BASE;
                                                                ^
main.c: In function 'main':
main.c:112:13: warning: suggest parentheses around comparison in operand of '|' [-Wparentheses]
      if (kc == 14 | kc == 30) nesKeycodes |= 0x01;
             ^
main.c:114:13: warning: suggest parentheses around comparison in operand of '|' [-Wparentheses]
      if (kc == 15 | kc == 31) nesKeycodes |= 0x02;
             ^
main.c:116:13: warning: suggest parentheses around comparison in operand of '|' [-Wparentheses]
      if (kc == 49 | kc == 32) nesKeycodes |=   0x04;
             ^
main.c:118:13: warning: suggest parentheses around comparison in operand of '|' [-Wparentheses]
      if (kc == 40 | kc == 33) nesKeycodes |=   0x08;
             ^
main.c:120:13: warning: suggest parentheses around comparison in operand of '|' [-Wparentheses]
      if (kc == 26 | kc == 34) nesKeycodes |=  0x10;
             ^
main.c:122:13: warning: suggest parentheses around comparison in operand of '|' [-Wparentheses]
      if (kc == 22 | kc == 35) nesKeycodes |=  0x20;
             ^
main.c:124:13: warning: suggest parentheses around comparison in operand of '|' [-Wparentheses]
      if (kc == 4 | kc == 36) nesKeycodes |=   0x40;
             ^
main.c:126:13: warning: suggest parentheses around comparison in operand of '|' [-Wparentheses]
      if (kc == 7 | kc == 37) nesKeycodes |=    0x80;
             ^
main.c:75:7: warning: unused variable 'keycode' [-Wunused-variable]
  WORD keycode;
       ^
Info: Linking NES_NIOSII.elf
nios2-elf-g++  -T'../NES_NIOSII_bsp//linker.x' -msys-crt0='../NES_NIOSII_bsp//obj/HAL/src/crt0.o' -msys-lib=hal_bsp -L../NES_NIOSII_bsp/   -Wl,-Map=NES_NIOSII.map   -O0 -g -Wall   -mno-hw-div -mno-hw-mul -mno-hw-mulx -mgpopt=global  -o NES_NIOSII.elf obj/default/main.o obj/default/sgtl5000/sgtl5000.o obj/default/usb_kb/HID.o obj/default/usb_kb/MAX3421E.o obj/default/usb_kb/transfer.o -lm -msys-lib=m
nios2-elf-insert NES_NIOSII.elf --thread_model hal --cpu_name nios2_gen2_0 --qsys true --simulation_enabled false --id 0 --sidp 0xaa0 --timestamp 1682321319 --stderr_dev jtag_uart_0 --stdin_dev jtag_uart_0 --stdout_dev jtag_uart_0 --sopc_system_name toplevel_soc --quartus_project_dir "C:/dev/FPGA-NES/src" --jdi ../..//output_files/FPGA-NES.jdi --sopcinfo C:/dev/FPGA-NES/src/software/NES_NIOSII_bsp/../../toplevel_soc.sopcinfo
Info: (NES_NIOSII.elf) 131 KBytes program size (code + initialized data).
Info:                  65397 KBytes free for stack + heap.
Info: Creating NES_NIOSII.objdump
nios2-elf-objdump --disassemble --syms --all-header --source NES_NIOSII.elf >NES_NIOSII.objdump
[NES_NIOSII build complete]
18:08:05 **** Incremental Build of configuration Nios II for project NES_NIOSII ****
make all 
Info: Building ../NES_NIOSII_bsp/
C:/intelFPGA_lite/18.1/nios2eds/bin/gnu/H-x86_64-mingw32/bin/make --no-print-directory -C ../NES_NIOSII_bsp/
[BSP build complete]
Info: Compiling main.c to obj/default/main.o
nios2-elf-gcc -xc -MP -MMD -c -I../NES_NIOSII_bsp//HAL/inc -I../NES_NIOSII_bsp/ -I../NES_NIOSII_bsp//drivers/inc  -pipe -D__hal__ -DALT_NO_INSTRUCTION_EMULATION -DALT_SINGLE_THREADED    -O0 -g -Wall   -mno-hw-div -mno-hw-mul -mno-hw-mulx -mgpopt=global  -o obj/default/main.o main.c
In file included from main.c:18:0:
../NES_NIOSII_bsp/system.h:190:36: warning: initialization makes pointer from integer without a cast [-Wint-conversion]
 #define GAME_ROM_PROGRAMMER_0_BASE 0xa80
                                    ^
rom_programmer.h:11:64: note: in expansion of macro 'GAME_ROM_PROGRAMMER_0_BASE'
 static volatile struct ROM_PROGRAMMER_STRUCT* rom_programmer = GAME_ROM_PROGRAMMER_0_BASE;
                                                                ^
main.c: In function 'main':
main.c:112:13: warning: suggest parentheses around comparison in operand of '|' [-Wparentheses]
      if (kc == 14 | kc == 30) nesKeycodes |= 0x01;
             ^
main.c:114:13: warning: suggest parentheses around comparison in operand of '|' [-Wparentheses]
      if (kc == 15 | kc == 31) nesKeycodes |= 0x02;
             ^
main.c:116:13: warning: suggest parentheses around comparison in operand of '|' [-Wparentheses]
      if (kc == 49 | kc == 32) nesKeycodes |=   0x04;
             ^
main.c:118:13: warning: suggest parentheses around comparison in operand of '|' [-Wparentheses]
      if (kc == 40 | kc == 33) nesKeycodes |=   0x08;
             ^
main.c:120:13: warning: suggest parentheses around comparison in operand of '|' [-Wparentheses]
      if (kc == 26 | kc == 34) nesKeycodes |=  0x10;
             ^
main.c:122:13: warning: suggest parentheses around comparison in operand of '|' [-Wparentheses]
      if (kc == 22 | kc == 35) nesKeycodes |=  0x20;
             ^
main.c:124:13: warning: suggest parentheses around comparison in operand of '|' [-Wparentheses]
      if (kc == 4 | kc == 36) nesKeycodes |=   0x40;
             ^
main.c:126:13: warning: suggest parentheses around comparison in operand of '|' [-Wparentheses]
      if (kc == 7 | kc == 37) nesKeycodes |=    0x80;
             ^
main.c:75:7: warning: unused variable 'keycode' [-Wunused-variable]
  WORD keycode;
       ^
Info: Linking NES_NIOSII.elf
nios2-elf-g++  -T'../NES_NIOSII_bsp//linker.x' -msys-crt0='../NES_NIOSII_bsp//obj/HAL/src/crt0.o' -msys-lib=hal_bsp -L../NES_NIOSII_bsp/   -Wl,-Map=NES_NIOSII.map   -O0 -g -Wall   -mno-hw-div -mno-hw-mul -mno-hw-mulx -mgpopt=global  -o NES_NIOSII.elf obj/default/main.o obj/default/sgtl5000/sgtl5000.o obj/default/usb_kb/HID.o obj/default/usb_kb/MAX3421E.o obj/default/usb_kb/transfer.o -lm -msys-lib=m
nios2-elf-insert NES_NIOSII.elf --thread_model hal --cpu_name nios2_gen2_0 --qsys true --simulation_enabled false --id 0 --sidp 0xaa0 --timestamp 1682321319 --stderr_dev jtag_uart_0 --stdin_dev jtag_uart_0 --stdout_dev jtag_uart_0 --sopc_system_name toplevel_soc --quartus_project_dir "C:/dev/FPGA-NES/src" --jdi ../..//output_files/FPGA-NES.jdi --sopcinfo C:/dev/FPGA-NES/src/software/NES_NIOSII_bsp/../../toplevel_soc.sopcinfo
Info: (NES_NIOSII.elf) 115 KBytes program size (code + initialized data).
Info:                  65413 KBytes free for stack + heap.
Info: Creating NES_NIOSII.objdump
nios2-elf-objdump --disassemble --syms --all-header --source NES_NIOSII.elf >NES_NIOSII.objdump
[NES_NIOSII build complete]
18:21:15 **** Incremental Build of configuration Nios II for project NES_NIOSII ****
make all 
Info: Building ../NES_NIOSII_bsp/
C:/intelFPGA_lite/18.1/nios2eds/bin/gnu/H-x86_64-mingw32/bin/make --no-print-directory -C ../NES_NIOSII_bsp/
[BSP build complete]
Info: Compiling main.c to obj/default/main.o
nios2-elf-gcc -xc -MP -MMD -c -I../NES_NIOSII_bsp//HAL/inc -I../NES_NIOSII_bsp/ -I../NES_NIOSII_bsp//drivers/inc  -pipe -D__hal__ -DALT_NO_INSTRUCTION_EMULATION -DALT_SINGLE_THREADED    -O0 -g -Wall   -mno-hw-div -mno-hw-mul -mno-hw-mulx -mgpopt=global  -o obj/default/main.o main.c
In file included from main.c:18:0:
../NES_NIOSII_bsp/system.h:190:36: warning: initialization makes pointer from integer without a cast [-Wint-conversion]
 #define GAME_ROM_PROGRAMMER_0_BASE 0xa80
                                    ^
rom_programmer.h:11:64: note: in expansion of macro 'GAME_ROM_PROGRAMMER_0_BASE'
 static volatile struct ROM_PROGRAMMER_STRUCT* rom_programmer = GAME_ROM_PROGRAMMER_0_BASE;
                                                                ^
main.c: In function 'main':
main.c:113:13: warning: suggest parentheses around comparison in operand of '|' [-Wparentheses]
      if (kc == 14 | kc == 30) nesKeycodes |= 0x01;
             ^
main.c:115:13: warning: suggest parentheses around comparison in operand of '|' [-Wparentheses]
      if (kc == 15 | kc == 31) nesKeycodes |= 0x02;
             ^
main.c:117:13: warning: suggest parentheses around comparison in operand of '|' [-Wparentheses]
      if (kc == 49 | kc == 32) nesKeycodes |=   0x04;
             ^
main.c:119:13: warning: suggest parentheses around comparison in operand of '|' [-Wparentheses]
      if (kc == 40 | kc == 33) nesKeycodes |=   0x08;
             ^
main.c:121:13: warning: suggest parentheses around comparison in operand of '|' [-Wparentheses]
      if (kc == 26 | kc == 34) nesKeycodes |=  0x10;
             ^
main.c:123:13: warning: suggest parentheses around comparison in operand of '|' [-Wparentheses]
      if (kc == 22 | kc == 35) nesKeycodes |=  0x20;
             ^
main.c:125:13: warning: suggest parentheses around comparison in operand of '|' [-Wparentheses]
      if (kc == 4 | kc == 36) nesKeycodes |=   0x40;
             ^
main.c:127:13: warning: suggest parentheses around comparison in operand of '|' [-Wparentheses]
      if (kc == 7 | kc == 37) nesKeycodes |=    0x80;
             ^
main.c:76:7: warning: unused variable 'keycode' [-Wunused-variable]
  WORD keycode;
       ^
Info: Linking NES_NIOSII.elf
nios2-elf-g++  -T'../NES_NIOSII_bsp//linker.x' -msys-crt0='../NES_NIOSII_bsp//obj/HAL/src/crt0.o' -msys-lib=hal_bsp -L../NES_NIOSII_bsp/   -Wl,-Map=NES_NIOSII.map   -O0 -g -Wall   -mno-hw-div -mno-hw-mul -mno-hw-mulx -mgpopt=global  -o NES_NIOSII.elf obj/default/main.o obj/default/sgtl5000/sgtl5000.o obj/default/usb_kb/HID.o obj/default/usb_kb/MAX3421E.o obj/default/usb_kb/transfer.o -lm -msys-lib=m
nios2-elf-insert NES_NIOSII.elf --thread_model hal --cpu_name nios2_gen2_0 --qsys true --simulation_enabled false --id 0 --sidp 0xaa0 --timestamp 1682321319 --stderr_dev jtag_uart_0 --stdin_dev jtag_uart_0 --stdout_dev jtag_uart_0 --sopc_system_name toplevel_soc --quartus_project_dir "C:/dev/FPGA-NES/src" --jdi ../..//output_files/FPGA-NES.jdi --sopcinfo C:/dev/FPGA-NES/src/software/NES_NIOSII_bsp/../../toplevel_soc.sopcinfo
Info: (NES_NIOSII.elf) 131 KBytes program size (code + initialized data).
Info:                  65397 KBytes free for stack + heap.
Info: Creating NES_NIOSII.objdump
nios2-elf-objdump --disassemble --syms --all-header --source NES_NIOSII.elf >NES_NIOSII.objdump
[NES_NIOSII build complete]
18:21:54 **** Incremental Build of configuration Nios II for project NES_NIOSII ****
make all 
Info: Building ../NES_NIOSII_bsp/
C:/intelFPGA_lite/18.1/nios2eds/bin/gnu/H-x86_64-mingw32/bin/make --no-print-directory -C ../NES_NIOSII_bsp/
[BSP build complete]
[NES_NIOSII build complete]
18:33:32 **** Incremental Build of configuration Nios II for project NES_NIOSII ****
make all 
Info: Building ../NES_NIOSII_bsp/
C:/intelFPGA_lite/18.1/nios2eds/bin/gnu/H-x86_64-mingw32/bin/make --no-print-directory -C ../NES_NIOSII_bsp/
[BSP build complete]
[NES_NIOSII build complete]
18:58:26 **** Incremental Build of configuration Nios II for project NES_NIOSII ****
make all 
Info: Building ../NES_NIOSII_bsp/
C:/intelFPGA_lite/18.1/nios2eds/bin/gnu/H-x86_64-mingw32/bin/make --no-print-directory -C ../NES_NIOSII_bsp/
[BSP build complete]
Info: Compiling main.c to obj/default/main.o
nios2-elf-gcc -xc -MP -MMD -c -I../NES_NIOSII_bsp//HAL/inc -I../NES_NIOSII_bsp/ -I../NES_NIOSII_bsp//drivers/inc  -pipe -D__hal__ -DALT_NO_INSTRUCTION_EMULATION -DALT_SINGLE_THREADED    -O0 -g -Wall   -mno-hw-div -mno-hw-mul -mno-hw-mulx -mgpopt=global  -o obj/default/main.o main.c
In file included from main.c:18:0:
../NES_NIOSII_bsp/system.h:190:36: warning: initialization makes pointer from integer without a cast [-Wint-conversion]
 #define GAME_ROM_PROGRAMMER_0_BASE 0xa80
                                    ^
rom_programmer.h:11:64: note: in expansion of macro 'GAME_ROM_PROGRAMMER_0_BASE'
 static volatile struct ROM_PROGRAMMER_STRUCT* rom_programmer = GAME_ROM_PROGRAMMER_0_BASE;
                                                                ^
main.c: In function 'main':
main.c:113:13: warning: suggest parentheses around comparison in operand of '|' [-Wparentheses]
      if (kc == 14 | kc == 30) nesKeycodes |= 0x01;
             ^
main.c:115:13: warning: suggest parentheses around comparison in operand of '|' [-Wparentheses]
      if (kc == 15 | kc == 31) nesKeycodes |= 0x02;
             ^
main.c:117:13: warning: suggest parentheses around comparison in operand of '|' [-Wparentheses]
      if (kc == 49 | kc == 32) nesKeycodes |=   0x04;
             ^
main.c:119:13: warning: suggest parentheses around comparison in operand of '|' [-Wparentheses]
      if (kc == 40 | kc == 33) nesKeycodes |=   0x08;
             ^
main.c:121:13: warning: suggest parentheses around comparison in operand of '|' [-Wparentheses]
      if (kc == 26 | kc == 34) nesKeycodes |=  0x10;
             ^
main.c:123:13: warning: suggest parentheses around comparison in operand of '|' [-Wparentheses]
      if (kc == 22 | kc == 35) nesKeycodes |=  0x20;
             ^
main.c:125:13: warning: suggest parentheses around comparison in operand of '|' [-Wparentheses]
      if (kc == 4 | kc == 36) nesKeycodes |=   0x40;
             ^
main.c:127:13: warning: suggest parentheses around comparison in operand of '|' [-Wparentheses]
      if (kc == 7 | kc == 37) nesKeycodes |=    0x80;
             ^
main.c:76:7: warning: unused variable 'keycode' [-Wunused-variable]
  WORD keycode;
       ^
Info: Linking NES_NIOSII.elf
nios2-elf-g++  -T'../NES_NIOSII_bsp//linker.x' -msys-crt0='../NES_NIOSII_bsp//obj/HAL/src/crt0.o' -msys-lib=hal_bsp -L../NES_NIOSII_bsp/   -Wl,-Map=NES_NIOSII.map   -O0 -g -Wall   -mno-hw-div -mno-hw-mul -mno-hw-mulx -mgpopt=global  -o NES_NIOSII.elf obj/default/main.o obj/default/sgtl5000/sgtl5000.o obj/default/usb_kb/HID.o obj/default/usb_kb/MAX3421E.o obj/default/usb_kb/transfer.o -lm -msys-lib=m
nios2-elf-insert NES_NIOSII.elf --thread_model hal --cpu_name nios2_gen2_0 --qsys true --simulation_enabled false --id 0 --sidp 0xaa0 --timestamp 1682321319 --stderr_dev jtag_uart_0 --stdin_dev jtag_uart_0 --stdout_dev jtag_uart_0 --sopc_system_name toplevel_soc --quartus_project_dir "C:/dev/FPGA-NES/src" --jdi ../..//output_files/FPGA-NES.jdi --sopcinfo C:/dev/FPGA-NES/src/software/NES_NIOSII_bsp/../../toplevel_soc.sopcinfo
Info: (NES_NIOSII.elf) 115 KBytes program size (code + initialized data).
Info:                  65413 KBytes free for stack + heap.
Info: Creating NES_NIOSII.objdump
nios2-elf-objdump --disassemble --syms --all-header --source NES_NIOSII.elf >NES_NIOSII.objdump
[NES_NIOSII build complete]
18:58:47 **** Incremental Build of configuration Nios II for project NES_NIOSII ****
make all 
Info: Building ../NES_NIOSII_bsp/
C:/intelFPGA_lite/18.1/nios2eds/bin/gnu/H-x86_64-mingw32/bin/make --no-print-directory -C ../NES_NIOSII_bsp/
[BSP build complete]
[NES_NIOSII build complete]
18:59:18 **** Incremental Build of configuration Nios II for project NES_NIOSII ****
make all 
Info: Building ../NES_NIOSII_bsp/
C:/intelFPGA_lite/18.1/nios2eds/bin/gnu/H-x86_64-mingw32/bin/make --no-print-directory -C ../NES_NIOSII_bsp/
[BSP build complete]
Info: Compiling main.c to obj/default/main.o
nios2-elf-gcc -xc -MP -MMD -c -I../NES_NIOSII_bsp//HAL/inc -I../NES_NIOSII_bsp/ -I../NES_NIOSII_bsp//drivers/inc  -pipe -D__hal__ -DALT_NO_INSTRUCTION_EMULATION -DALT_SINGLE_THREADED    -O0 -g -Wall   -mno-hw-div -mno-hw-mul -mno-hw-mulx -mgpopt=global  -o obj/default/main.o main.c
In file included from main.c:18:0:
../NES_NIOSII_bsp/system.h:190:36: warning: initialization makes pointer from integer without a cast [-Wint-conversion]
 #define GAME_ROM_PROGRAMMER_0_BASE 0xa80
                                    ^
rom_programmer.h:11:64: note: in expansion of macro 'GAME_ROM_PROGRAMMER_0_BASE'
 static volatile struct ROM_PROGRAMMER_STRUCT* rom_programmer = GAME_ROM_PROGRAMMER_0_BASE;
                                                                ^
main.c: In function 'main':
main.c:113:13: warning: suggest parentheses around comparison in operand of '|' [-Wparentheses]
      if (kc == 14 | kc == 30) nesKeycodes |= 0x01;
             ^
main.c:115:13: warning: suggest parentheses around comparison in operand of '|' [-Wparentheses]
      if (kc == 15 | kc == 31) nesKeycodes |= 0x02;
             ^
main.c:117:13: warning: suggest parentheses around comparison in operand of '|' [-Wparentheses]
      if (kc == 49 | kc == 32) nesKeycodes |=   0x04;
             ^
main.c:119:13: warning: suggest parentheses around comparison in operand of '|' [-Wparentheses]
      if (kc == 40 | kc == 33) nesKeycodes |=   0x08;
             ^
main.c:121:13: warning: suggest parentheses around comparison in operand of '|' [-Wparentheses]
      if (kc == 26 | kc == 34) nesKeycodes |=  0x10;
             ^
main.c:123:13: warning: suggest parentheses around comparison in operand of '|' [-Wparentheses]
      if (kc == 22 | kc == 35) nesKeycodes |=  0x20;
             ^
main.c:125:13: warning: suggest parentheses around comparison in operand of '|' [-Wparentheses]
      if (kc == 4 | kc == 36) nesKeycodes |=   0x40;
             ^
main.c:127:13: warning: suggest parentheses around comparison in operand of '|' [-Wparentheses]
      if (kc == 7 | kc == 37) nesKeycodes |=    0x80;
             ^
main.c:76:7: warning: unused variable 'keycode' [-Wunused-variable]
  WORD keycode;
       ^
Info: Linking NES_NIOSII.elf
nios2-elf-g++  -T'../NES_NIOSII_bsp//linker.x' -msys-crt0='../NES_NIOSII_bsp//obj/HAL/src/crt0.o' -msys-lib=hal_bsp -L../NES_NIOSII_bsp/   -Wl,-Map=NES_NIOSII.map   -O0 -g -Wall   -mno-hw-div -mno-hw-mul -mno-hw-mulx -mgpopt=global  -o NES_NIOSII.elf obj/default/main.o obj/default/sgtl5000/sgtl5000.o obj/default/usb_kb/HID.o obj/default/usb_kb/MAX3421E.o obj/default/usb_kb/transfer.o -lm -msys-lib=m
nios2-elf-insert NES_NIOSII.elf --thread_model hal --cpu_name nios2_gen2_0 --qsys true --simulation_enabled false --id 0 --sidp 0xaa0 --timestamp 1682321319 --stderr_dev jtag_uart_0 --stdin_dev jtag_uart_0 --stdout_dev jtag_uart_0 --sopc_system_name toplevel_soc --quartus_project_dir "C:/dev/FPGA-NES/src" --jdi ../..//output_files/FPGA-NES.jdi --sopcinfo C:/dev/FPGA-NES/src/software/NES_NIOSII_bsp/../../toplevel_soc.sopcinfo
Info: (NES_NIOSII.elf) 115 KBytes program size (code + initialized data).
Info:                  65413 KBytes free for stack + heap.
Info: Creating NES_NIOSII.objdump
nios2-elf-objdump --disassemble --syms --all-header --source NES_NIOSII.elf >NES_NIOSII.objdump
[NES_NIOSII build complete]
19:25:23 **** Incremental Build of configuration Nios II for project NES_NIOSII ****
make all 
Info: Building ../NES_NIOSII_bsp/
C:/intelFPGA_lite/18.1/nios2eds/bin/gnu/H-x86_64-mingw32/bin/make --no-print-directory -C ../NES_NIOSII_bsp/
[BSP build complete]
Info: Compiling main.c to obj/default/main.o
nios2-elf-gcc -xc -MP -MMD -c -I../NES_NIOSII_bsp//HAL/inc -I../NES_NIOSII_bsp/ -I../NES_NIOSII_bsp//drivers/inc  -pipe -D__hal__ -DALT_NO_INSTRUCTION_EMULATION -DALT_SINGLE_THREADED    -O0 -g -Wall   -mno-hw-div -mno-hw-mul -mno-hw-mulx -mgpopt=global  -o obj/default/main.o main.c
In file included from main.c:18:0:
../NES_NIOSII_bsp/system.h:190:36: warning: initialization makes pointer from integer without a cast [-Wint-conversion]
 #define GAME_ROM_PROGRAMMER_0_BASE 0xa80
                                    ^
rom_programmer.h:11:64: note: in expansion of macro 'GAME_ROM_PROGRAMMER_0_BASE'
 static volatile struct ROM_PROGRAMMER_STRUCT* rom_programmer = GAME_ROM_PROGRAMMER_0_BASE;
                                                                ^
main.c: In function 'main':
main.c:113:13: warning: suggest parentheses around comparison in operand of '|' [-Wparentheses]
      if (kc == 14 | kc == 30) nesKeycodes |= 0x01;
             ^
main.c:115:13: warning: suggest parentheses around comparison in operand of '|' [-Wparentheses]
      if (kc == 15 | kc == 31) nesKeycodes |= 0x02;
             ^
main.c:117:13: warning: suggest parentheses around comparison in operand of '|' [-Wparentheses]
      if (kc == 49 | kc == 32) nesKeycodes |=   0x04;
             ^
main.c:119:13: warning: suggest parentheses around comparison in operand of '|' [-Wparentheses]
      if (kc == 40 | kc == 33) nesKeycodes |=   0x08;
             ^
main.c:121:13: warning: suggest parentheses around comparison in operand of '|' [-Wparentheses]
      if (kc == 26 | kc == 34) nesKeycodes |=  0x10;
             ^
main.c:123:13: warning: suggest parentheses around comparison in operand of '|' [-Wparentheses]
      if (kc == 22 | kc == 35) nesKeycodes |=  0x20;
             ^
main.c:125:13: warning: suggest parentheses around comparison in operand of '|' [-Wparentheses]
      if (kc == 4 | kc == 36) nesKeycodes |=   0x40;
             ^
main.c:127:13: warning: suggest parentheses around comparison in operand of '|' [-Wparentheses]
      if (kc == 7 | kc == 37) nesKeycodes |=    0x80;
             ^
main.c:76:7: warning: unused variable 'keycode' [-Wunused-variable]
  WORD keycode;
       ^
Info: Linking NES_NIOSII.elf
nios2-elf-g++  -T'../NES_NIOSII_bsp//linker.x' -msys-crt0='../NES_NIOSII_bsp//obj/HAL/src/crt0.o' -msys-lib=hal_bsp -L../NES_NIOSII_bsp/   -Wl,-Map=NES_NIOSII.map   -O0 -g -Wall   -mno-hw-div -mno-hw-mul -mno-hw-mulx -mgpopt=global  -o NES_NIOSII.elf obj/default/main.o obj/default/sgtl5000/sgtl5000.o obj/default/usb_kb/HID.o obj/default/usb_kb/MAX3421E.o obj/default/usb_kb/transfer.o -lm -msys-lib=m
nios2-elf-insert NES_NIOSII.elf --thread_model hal --cpu_name nios2_gen2_0 --qsys true --simulation_enabled false --id 0 --sidp 0xaa0 --timestamp 1682321319 --stderr_dev jtag_uart_0 --stdin_dev jtag_uart_0 --stdout_dev jtag_uart_0 --sopc_system_name toplevel_soc --quartus_project_dir "C:/dev/FPGA-NES/src" --jdi ../..//output_files/FPGA-NES.jdi --sopcinfo C:/dev/FPGA-NES/src/software/NES_NIOSII_bsp/../../toplevel_soc.sopcinfo
Info: (NES_NIOSII.elf) 131 KBytes program size (code + initialized data).
Info:                  65397 KBytes free for stack + heap.
Info: Creating NES_NIOSII.objdump
nios2-elf-objdump --disassemble --syms --all-header --source NES_NIOSII.elf >NES_NIOSII.objdump
[NES_NIOSII build complete]
19:26:08 **** Incremental Build of configuration Nios II for project NES_NIOSII ****
make all 
Info: Building ../NES_NIOSII_bsp/
C:/intelFPGA_lite/18.1/nios2eds/bin/gnu/H-x86_64-mingw32/bin/make --no-print-directory -C ../NES_NIOSII_bsp/
[BSP build complete]
Info: Compiling main.c to obj/default/main.o
nios2-elf-gcc -xc -MP -MMD -c -I../NES_NIOSII_bsp//HAL/inc -I../NES_NIOSII_bsp/ -I../NES_NIOSII_bsp//drivers/inc  -pipe -D__hal__ -DALT_NO_INSTRUCTION_EMULATION -DALT_SINGLE_THREADED    -O0 -g -Wall   -mno-hw-div -mno-hw-mul -mno-hw-mulx -mgpopt=global  -o obj/default/main.o main.c
In file included from main.c:18:0:
../NES_NIOSII_bsp/system.h:190:36: warning: initialization makes pointer from integer without a cast [-Wint-conversion]
 #define GAME_ROM_PROGRAMMER_0_BASE 0xa80
                                    ^
rom_programmer.h:11:64: note: in expansion of macro 'GAME_ROM_PROGRAMMER_0_BASE'
 static volatile struct ROM_PROGRAMMER_STRUCT* rom_programmer = GAME_ROM_PROGRAMMER_0_BASE;
                                                                ^
main.c: In function 'main':
main.c:113:13: warning: suggest parentheses around comparison in operand of '|' [-Wparentheses]
      if (kc == 14 | kc == 30) nesKeycodes |= 0x01;
             ^
main.c:115:13: warning: suggest parentheses around comparison in operand of '|' [-Wparentheses]
      if (kc == 15 | kc == 31) nesKeycodes |= 0x02;
             ^
main.c:117:13: warning: suggest parentheses around comparison in operand of '|' [-Wparentheses]
      if (kc == 49 | kc == 32) nesKeycodes |=   0x04;
             ^
main.c:119:13: warning: suggest parentheses around comparison in operand of '|' [-Wparentheses]
      if (kc == 40 | kc == 33) nesKeycodes |=   0x08;
             ^
main.c:121:13: warning: suggest parentheses around comparison in operand of '|' [-Wparentheses]
      if (kc == 26 | kc == 34) nesKeycodes |=  0x10;
             ^
main.c:123:13: warning: suggest parentheses around comparison in operand of '|' [-Wparentheses]
      if (kc == 22 | kc == 35) nesKeycodes |=  0x20;
             ^
main.c:125:13: warning: suggest parentheses around comparison in operand of '|' [-Wparentheses]
      if (kc == 4 | kc == 36) nesKeycodes |=   0x40;
             ^
main.c:127:13: warning: suggest parentheses around comparison in operand of '|' [-Wparentheses]
      if (kc == 7 | kc == 37) nesKeycodes |=    0x80;
             ^
main.c:76:7: warning: unused variable 'keycode' [-Wunused-variable]
  WORD keycode;
       ^
Info: Linking NES_NIOSII.elf
nios2-elf-g++  -T'../NES_NIOSII_bsp//linker.x' -msys-crt0='../NES_NIOSII_bsp//obj/HAL/src/crt0.o' -msys-lib=hal_bsp -L../NES_NIOSII_bsp/   -Wl,-Map=NES_NIOSII.map   -O0 -g -Wall   -mno-hw-div -mno-hw-mul -mno-hw-mulx -mgpopt=global  -o NES_NIOSII.elf obj/default/main.o obj/default/sgtl5000/sgtl5000.o obj/default/usb_kb/HID.o obj/default/usb_kb/MAX3421E.o obj/default/usb_kb/transfer.o -lm -msys-lib=m
nios2-elf-insert NES_NIOSII.elf --thread_model hal --cpu_name nios2_gen2_0 --qsys true --simulation_enabled false --id 0 --sidp 0xaa0 --timestamp 1682321319 --stderr_dev jtag_uart_0 --stdin_dev jtag_uart_0 --stdout_dev jtag_uart_0 --sopc_system_name toplevel_soc --quartus_project_dir "C:/dev/FPGA-NES/src" --jdi ../..//output_files/FPGA-NES.jdi --sopcinfo C:/dev/FPGA-NES/src/software/NES_NIOSII_bsp/../../toplevel_soc.sopcinfo
Info: (NES_NIOSII.elf) 131 KBytes program size (code + initialized data).
Info:                  65397 KBytes free for stack + heap.
Info: Creating NES_NIOSII.objdump
nios2-elf-objdump --disassemble --syms --all-header --source NES_NIOSII.elf >NES_NIOSII.objdump
[NES_NIOSII build complete]
19:26:49 **** Incremental Build of configuration Nios II for project NES_NIOSII ****
make all 
Info: Building ../NES_NIOSII_bsp/
C:/intelFPGA_lite/18.1/nios2eds/bin/gnu/H-x86_64-mingw32/bin/make --no-print-directory -C ../NES_NIOSII_bsp/
[BSP build complete]
Info: Compiling main.c to obj/default/main.o
nios2-elf-gcc -xc -MP -MMD -c -I../NES_NIOSII_bsp//HAL/inc -I../NES_NIOSII_bsp/ -I../NES_NIOSII_bsp//drivers/inc  -pipe -D__hal__ -DALT_NO_INSTRUCTION_EMULATION -DALT_SINGLE_THREADED    -O0 -g -Wall   -mno-hw-div -mno-hw-mul -mno-hw-mulx -mgpopt=global  -o obj/default/main.o main.c
In file included from main.c:18:0:
../NES_NIOSII_bsp/system.h:190:36: warning: initialization makes pointer from integer without a cast [-Wint-conversion]
 #define GAME_ROM_PROGRAMMER_0_BASE 0xa80
                                    ^
rom_programmer.h:11:64: note: in expansion of macro 'GAME_ROM_PROGRAMMER_0_BASE'
 static volatile struct ROM_PROGRAMMER_STRUCT* rom_programmer = GAME_ROM_PROGRAMMER_0_BASE;
                                                                ^
main.c: In function 'main':
main.c:113:13: warning: suggest parentheses around comparison in operand of '|' [-Wparentheses]
      if (kc == 14 | kc == 30) nesKeycodes |= 0x01;
             ^
main.c:115:13: warning: suggest parentheses around comparison in operand of '|' [-Wparentheses]
      if (kc == 15 | kc == 31) nesKeycodes |= 0x02;
             ^
main.c:117:13: warning: suggest parentheses around comparison in operand of '|' [-Wparentheses]
      if (kc == 49 | kc == 32) nesKeycodes |=   0x04;
             ^
main.c:119:13: warning: suggest parentheses around comparison in operand of '|' [-Wparentheses]
      if (kc == 40 | kc == 33) nesKeycodes |=   0x08;
             ^
main.c:121:13: warning: suggest parentheses around comparison in operand of '|' [-Wparentheses]
      if (kc == 26 | kc == 34) nesKeycodes |=  0x10;
             ^
main.c:123:13: warning: suggest parentheses around comparison in operand of '|' [-Wparentheses]
      if (kc == 22 | kc == 35) nesKeycodes |=  0x20;
             ^
main.c:125:13: warning: suggest parentheses around comparison in operand of '|' [-Wparentheses]
      if (kc == 4 | kc == 36) nesKeycodes |=   0x40;
             ^
main.c:127:13: warning: suggest parentheses around comparison in operand of '|' [-Wparentheses]
      if (kc == 7 | kc == 37) nesKeycodes |=    0x80;
             ^
main.c:76:7: warning: unused variable 'keycode' [-Wunused-variable]
  WORD keycode;
       ^
Info: Linking NES_NIOSII.elf
nios2-elf-g++  -T'../NES_NIOSII_bsp//linker.x' -msys-crt0='../NES_NIOSII_bsp//obj/HAL/src/crt0.o' -msys-lib=hal_bsp -L../NES_NIOSII_bsp/   -Wl,-Map=NES_NIOSII.map   -O0 -g -Wall   -mno-hw-div -mno-hw-mul -mno-hw-mulx -mgpopt=global  -o NES_NIOSII.elf obj/default/main.o obj/default/sgtl5000/sgtl5000.o obj/default/usb_kb/HID.o obj/default/usb_kb/MAX3421E.o obj/default/usb_kb/transfer.o -lm -msys-lib=m
nios2-elf-insert NES_NIOSII.elf --thread_model hal --cpu_name nios2_gen2_0 --qsys true --simulation_enabled false --id 0 --sidp 0xaa0 --timestamp 1682321319 --stderr_dev jtag_uart_0 --stdin_dev jtag_uart_0 --stdout_dev jtag_uart_0 --sopc_system_name toplevel_soc --quartus_project_dir "C:/dev/FPGA-NES/src" --jdi ../..//output_files/FPGA-NES.jdi --sopcinfo C:/dev/FPGA-NES/src/software/NES_NIOSII_bsp/../../toplevel_soc.sopcinfo
Info: (NES_NIOSII.elf) 115 KBytes program size (code + initialized data).
Info:                  65413 KBytes free for stack + heap.
Info: Creating NES_NIOSII.objdump
nios2-elf-objdump --disassemble --syms --all-header --source NES_NIOSII.elf >NES_NIOSII.objdump
[NES_NIOSII build complete]
