23:46:38 **** Incremental Build of configuration Nios II for project NES_NIOSII ****
make all 
Info: Building ../NES_NIOSII_bsp/
C:/intelFPGA_lite/18.1/nios2eds/bin/gnu/H-x86_64-mingw32/bin/make --no-print-directory -C ../NES_NIOSII_bsp/
[BSP build complete]
Info: Compiling main.c to obj/default/main.o
nios2-elf-gcc -xc -MP -MMD -c -I../NES_NIOSII_bsp//HAL/inc -I../NES_NIOSII_bsp/ -I../NES_NIOSII_bsp//drivers/inc  -pipe -D__hal__ -DALT_NO_INSTRUCTION_EMULATION -DALT_SINGLE_THREADED    -O0 -g -Wall   -mno-hw-div -mno-hw-mul -mno-hw-mulx -mgpopt=global  -o obj/default/main.o main.c
In file included from main.c:18:0:
../NES_NIOSII_bsp/system.h:190:36: warning: initialization makes pointer from integer without a cast [-Wint-conversion]
 #define GAME_ROM_PROGRAMMER_0_BASE 0x10000
                                    ^
rom_programmer.h:11:64: note: in expansion of macro 'GAME_ROM_PROGRAMMER_0_BASE'
 static volatile struct ROM_PROGRAMMER_STRUCT* rom_programmer = GAME_ROM_PROGRAMMER_0_BASE;
                                                                ^
main.c: In function 'main':
main.c:49:4: warning: implicit declaration of function 'usleep' [-Wimplicit-function-declaration]
    usleep(5000);
    ^
Info: Linking NES_NIOSII.elf
nios2-elf-g++  -T'../NES_NIOSII_bsp//linker.x' -msys-crt0='../NES_NIOSII_bsp//obj/HAL/src/crt0.o' -msys-lib=hal_bsp -L../NES_NIOSII_bsp/   -Wl,-Map=NES_NIOSII.map   -O0 -g -Wall   -mno-hw-div -mno-hw-mul -mno-hw-mulx -mgpopt=global  -o NES_NIOSII.elf obj/default/main.o obj/default/sgtl5000/sgtl5000.o obj/default/usb_kb/HID.o obj/default/usb_kb/MAX3421E.o obj/default/usb_kb/transfer.o -lm -msys-lib=m
nios2-elf-insert NES_NIOSII.elf --thread_model hal --cpu_name nios2_gen2_0 --qsys true --simulation_enabled false --id 0 --sidp 0xa50 --timestamp 1681521448 --stderr_dev jtag_uart_0 --stdin_dev jtag_uart_0 --stdout_dev jtag_uart_0 --sopc_system_name toplevel_soc --quartus_project_dir "C:/dev/FPGA-NES/src" --jdi ../..//output_files/FPGA-NES.jdi --sopcinfo C:/dev/FPGA-NES/src/software/NES_NIOSII_bsp/../../toplevel_soc.sopcinfo
Info: (NES_NIOSII.elf) 113 KBytes program size (code + initialized data).
Info:                  65416 KBytes free for stack + heap.
Info: Creating NES_NIOSII.objdump
nios2-elf-objdump --disassemble --syms --all-header --source NES_NIOSII.elf >NES_NIOSII.objdump
[NES_NIOSII build complete]

23:46:40 Build Finished (took 1s.201ms)

